<?xml version="1.0" encoding="UTF-8"?>
<!-- Generated by org.testng.reporters.JUnitReportReporter -->
<testsuite skipped="3" hostname="GS-4885" name="Test2" tests="4" failures="0" timestamp="2020-11-01T14:37:38 IST" time="4.386" errors="0">
  <testcase name="getRequestclient" time="4.386" classname="Test2"/>
  <system-out/>
  <testcase name="t1" classname="Test2">
    <skipped/>
  </testcase> <!-- t1 -->
  <system-out/>
  <testcase name="webtable" classname="Test2">
    <skipped/>
  </testcase> <!-- webtable -->
  <system-out/>
  <testcase name="getRequest" classname="Test2">
    <skipped/>
  </testcase> <!-- getRequest -->
  <system-out/>
</testsuite> <!-- Test2 -->
