<?xml version="1.0" encoding="UTF-8"?>
<!-- Generated by org.testng.reporters.JUnitReportReporter -->
<testsuite skipped="0" hostname="GS-4885" name="Test1" tests="10" failures="0" timestamp="2020-10-06T17:44:47 IST" time="11.381" errors="0">
  <testcase name="testngtest" time="0.809" classname="Test1"/>
  <system-out/>
  <testcase name="testngtest" time="0.828" classname="Test1"/>
  <system-out/>
  <testcase name="testngtest" time="4.035" classname="Test1"/>
  <system-out/>
  <testcase name="testngtest" time="0.864" classname="Test1"/>
  <system-out/>
  <testcase name="testngtest" time="0.828" classname="Test1"/>
  <system-out/>
  <testcase name="testngtest" time="0.798" classname="Test1"/>
  <system-out/>
  <testcase name="testngtest" time="0.806" classname="Test1"/>
  <system-out/>
  <testcase name="testngtest" time="0.816" classname="Test1"/>
  <system-out/>
  <testcase name="testngtest" time="0.798" classname="Test1"/>
  <system-out/>
  <testcase name="testngtest" time="0.799" classname="Test1"/>
  <system-out/>
</testsuite> <!-- Test1 -->
